

times in msec
 clock   self+sourced   self:  sourced script
 clock   elapsed:              other lines

000.012  000.012: --- NVIM STARTING ---
000.207  000.195: event init
000.322  000.115: early init
000.388  000.066: locale set
000.434  000.046: init first window
000.702  000.268: inits 1
000.724  000.022: window checked
000.726  000.002: parsing arguments
001.202  000.066  000.066: require('vim.shared')
001.351  000.049  000.049: require('vim._options')
001.353  000.147  000.099: require('vim._editor')
001.354  000.254  000.040: require('vim._init_packages')
001.355  000.376: init lua interpreter
001.438  000.083: expanding arguments
001.478  000.040: inits 2
001.718  000.240: init highlight
001.722  000.004: waiting for UI
002.030  000.307: done waiting for UI
002.040  000.010: clear screen
002.203  000.164: init default mappings & autocommands
002.817  000.079  000.079: sourcing /opt/nvim-linux64/share/nvim/runtime/ftplugin.vim
002.878  000.024  000.024: sourcing /opt/nvim-linux64/share/nvim/runtime/indent.vim
003.259  000.099  000.099: require('core.utils')
003.367  000.039  000.039: require('plugins.configs.lazy_nvim')
003.741  000.372  000.372: require('core.mappings')
003.743  000.482  000.071: require('core.default_config')
003.814  000.031  000.031: require('custom.highlights')
003.859  000.043  000.043: require('custom.mappings')
004.919  000.020  000.020: require('vim.fs')
005.172  002.176  001.502: require('core')
006.722  000.123  000.123: require('lazy')
006.750  000.017  000.017: require('ffi')
006.786  000.034  000.034: require('vim.loader')
006.909  000.102  000.102: require('lazy.stats')
007.059  000.117  000.117: require('lazy.core.util')
007.176  000.114  000.114: require('lazy.core.config')
007.450  000.149  000.149: require('lazy.core.handler')
007.591  000.139  000.139: require('lazy.core.plugin')
007.624  000.447  000.159: require('lazy.core.loader')
008.357  000.056  000.056: require('custom.configs.overrides')
008.361  000.117  000.061: require('custom.plugins')
008.651  000.177  000.177: require('lazy.core.handler.event')
008.706  000.051  000.051: require('lazy.core.handler.ft')
008.761  000.053  000.053: require('lazy.core.handler.keys')
008.811  000.047  000.047: require('lazy.core.handler.cmd')
008.874  000.022  000.022: require('vim.inspect')
008.925  000.003  000.003: require('vim.keymap')
009.690  000.205  000.205: sourcing /opt/nvim-linux64/share/nvim/runtime/filetype.lua
010.356  000.578  000.578: sourcing /home/tomark/.local/share/nvim/lazy/vim-fugitive/plugin/fugitive.vim
010.416  000.009  000.009: sourcing /home/tomark/.local/share/nvim/lazy/vim-fugitive/ftdetect/fugitive.vim
011.171  000.175  000.175: require('nvchad.tabufline.lazyload')
011.179  000.613  000.439: require('nvchad')
011.181  000.644  000.030: sourcing /home/tomark/.local/share/nvim/lazy/ui/plugin/init.lua
011.302  000.037  000.037: sourcing /opt/nvim-linux64/share/nvim/runtime/plugin/editorconfig.lua
011.343  000.008  000.008: sourcing /opt/nvim-linux64/share/nvim/runtime/plugin/health.vim
011.400  000.039  000.039: sourcing /opt/nvim-linux64/share/nvim/runtime/plugin/man.lua
011.524  000.098  000.098: sourcing /opt/nvim-linux64/share/nvim/runtime/plugin/matchparen.vim
011.585  000.035  000.035: sourcing /opt/nvim-linux64/share/nvim/runtime/plugin/nvim.lua
011.656  000.047  000.047: sourcing /opt/nvim-linux64/share/nvim/runtime/plugin/shada.vim
011.699  000.013  000.013: sourcing /opt/nvim-linux64/share/nvim/runtime/plugin/spellfile.vim
011.796  006.174  003.039: require('plugins')
011.798  008.846  000.497: sourcing /home/tomark/.config/nvim/init.lua
011.803  000.650: sourcing vimrc file(s)
011.876  000.034  000.034: sourcing /opt/nvim-linux64/share/nvim/runtime/filetype.lua
011.988  000.043  000.043: sourcing /opt/nvim-linux64/share/nvim/runtime/syntax/synload.vim
012.033  000.128  000.085: sourcing /opt/nvim-linux64/share/nvim/runtime/syntax/syntax.vim
012.042  000.077: inits 3
014.800  002.759: reading ShaDa
014.944  000.143: opening buffers
014.954  000.011: BufEnter autocommands
014.956  000.001: editing files in windows
014.985  000.029: VimEnter autocommands
015.013  000.028: UIEnter autocommands
015.191  000.141  000.141: sourcing /opt/nvim-linux64/share/nvim/runtime/autoload/provider/clipboard.vim
015.196  000.042: before starting main loop
015.517  000.213  000.213: require('nvchad.statusline.default')
015.730  000.321: first screen update
015.731  000.001: --- NVIM STARTED ---


times in msec
 clock   self+sourced   self:  sourced script
 clock   elapsed:              other lines

000.010  000.010: --- NVIM STARTING ---
000.237  000.227: event init
000.421  000.184: early init
000.510  000.090: locale set
000.583  000.073: init first window
001.026  000.443: inits 1
001.035  000.008: window checked
001.043  000.009: parsing arguments
001.597  000.059  000.059: require('vim.shared')
001.724  000.048  000.048: require('vim._options')
001.729  000.128  000.081: require('vim._editor')
001.730  000.233  000.045: require('vim._init_packages')
001.734  000.458: init lua interpreter
002.635  000.901: expanding arguments
002.711  000.076: inits 2
002.991  000.280: init highlight
